<?xml version="1.0" encoding="UTF-8"?>
<!-- Generated by org.testng.reporters.JUnitReportReporter -->
<testsuite skipped="0" hostname="DESKTOP-QL74M3G" name="com.crm.testcases.LoginTest" tests="2" failures="0" timestamp="15 Apr 2020 13:59:40 GMT" time="7.497" errors="0">
  <testcase name="login" time="7.420" classname="com.crm.testcases.LoginTest"/>
  <testcase name="verifyusername" time="0.077" classname="com.crm.testcases.LoginTest"/>
</testsuite> <!-- com.crm.testcases.LoginTest -->
