<?xml version="1.0" encoding="UTF-8"?>
<!-- Generated by org.testng.reporters.JUnitReportReporter -->
<testsuite skipped="0" hostname="DESKTOP-QL74M3G" name="com.crm.testcases.ContactsTest" tests="3" failures="0" timestamp="15 Apr 2020 13:52:27 GMT" time="49.788" errors="0">
  <testcase name="login" time="5.911" classname="com.crm.testcases.ContactsTest"/>
  <testcase name="verifyusername" time="0.070" classname="com.crm.testcases.ContactsTest"/>
  <testcase name="createcontact" time="43.807" classname="com.crm.testcases.ContactsTest"/>
</testsuite> <!-- com.crm.testcases.ContactsTest -->
